#! /c/Source/iverilog-install/bin/vvp
:ivl_version "12.0 (devel)" "(s20150603-1539-g2693dd32b)";
:ivl_delay_selection "TYPICAL";
:vpi_time_precision - 12;
:vpi_module "C:\iverilog\lib\ivl\system.vpi";
:vpi_module "C:\iverilog\lib\ivl\vhdl_sys.vpi";
:vpi_module "C:\iverilog\lib\ivl\vhdl_textio.vpi";
:vpi_module "C:\iverilog\lib\ivl\v2005_math.vpi";
:vpi_module "C:\iverilog\lib\ivl\va_math.vpi";
S_000001fa92babb60 .scope module, "BCDtoSSeg_tb" "BCDtoSSeg_tb" 2 4;
 .timescale -12 -12;
v000001fa92c3bde0_0 .net "BCD", 3 0, L_000001fa92bf3230;  1 drivers
L_000001fa92c3c108 .functor BUFT 1, C4<000>, C4<0>, C4<0>, C4<0>;
v000001fa92c3be80_0 .net *"_ivl_3", 2 0, L_000001fa92c3c108;  1 drivers
v000001fa92c3bf20_0 .var "clk2", 0 0;
v000001fa92c3bfc0_0 .var "input_val", 4 0;
L_000001fa92c3c060 .concat [ 5 3 0 0], v000001fa92c3bfc0_0, L_000001fa92c3c108;
L_000001fa92bf3230 .part v000001fa92bc2e00_0, 0, 4;
S_000001fa92bf6b20 .scope module, "uut" "bcd_splitter" 2 9, 3 1 0, S_000001fa92babb60;
 .timescale -12 -12;
    .port_info 0 /INPUT 1 "clk2";
    .port_info 1 /INPUT 8 "input_val";
    .port_info 2 /OUTPUT 8 "BCD";
    .port_info 3 /OUTPUT 8 "counter";
v000001fa92bc2e00_0 .var "BCD", 7 0;
v000001fa92bc31b0_0 .var "algo", 0 0;
v000001fa92babcf0_0 .net "clk2", 0 0, v000001fa92c3bf20_0;  1 drivers
v000001fa92bc2b80_0 .var "counter", 7 0;
v000001fa92c3bd40_0 .net "input_val", 7 0, L_000001fa92c3c060;  1 drivers
E_000001fa92bac0e0 .event posedge, v000001fa92babcf0_0;
    .scope S_000001fa92bf6b20;
T_0 ;
    %pushi/vec4 0, 0, 1;
    %store/vec4 v000001fa92bc31b0_0, 0, 1;
    %end;
    .thread T_0;
    .scope S_000001fa92bf6b20;
T_1 ;
    %wait E_000001fa92bac0e0;
    %load/vec4 v000001fa92bc31b0_0;
    %dup/vec4;
    %pushi/vec4 0, 0, 1;
    %cmp/u;
    %jmp/1 T_1.0, 6;
    %pushi/vec4 0, 0, 1;
    %assign/vec4 v000001fa92bc31b0_0, 0;
    %jmp T_1.2;
T_1.0 ;
    %load/vec4 v000001fa92bc2b80_0;
    %pad/u 32;
    %cmpi/e 25, 0, 32;
    %jmp/0xz  T_1.3, 4;
    %pushi/vec4 0, 0, 8;
    %assign/vec4 v000001fa92bc2b80_0, 0;
    %load/vec4 v000001fa92c3bd40_0;
    %assign/vec4 v000001fa92bc2e00_0, 0;
    %jmp T_1.4;
T_1.3 ;
    %load/vec4 v000001fa92bc2b80_0;
    %addi 1, 0, 8;
    %assign/vec4 v000001fa92bc2b80_0, 0;
T_1.4 ;
    %jmp T_1.2;
T_1.2 ;
    %pop/vec4 1;
    %jmp T_1;
    .thread T_1;
    .scope S_000001fa92babb60;
T_2 ;
    %delay 5, 0;
    %load/vec4 v000001fa92c3bf20_0;
    %inv;
    %store/vec4 v000001fa92c3bf20_0, 0, 1;
    %jmp T_2;
    .thread T_2;
    .scope S_000001fa92babb60;
T_3 ;
    %pushi/vec4 0, 0, 1;
    %store/vec4 v000001fa92c3bf20_0, 0, 1;
    %pushi/vec4 21, 0, 5;
    %store/vec4 v000001fa92c3bfc0_0, 0, 5;
    %end;
    .thread T_3;
    .scope S_000001fa92babb60;
T_4 ;
    %vpi_call 2 23 "$dumpfile", "BCD.vcd" {0 0 0};
    %vpi_call 2 24 "$dumpvars", 32'sb11111111111111111111111111111111, S_000001fa92bf6b20 {0 0 0};
    %delay 100, 0;
    %vpi_call 2 25 "$finish" {0 0 0};
    %end;
    .thread T_4;
# The file index is used to find the file name in the following table.
:file_names 4;
    "N/A";
    "<interactive>";
    "src\BCDtoSSeg_tb.v";
    "./src/BCDtoSSeg_mod2.v";
